-------------------------------------------------------------------------------
Test set: br.com.contmatic.prova01.model.empresa.FuncionarioTest
-------------------------------------------------------------------------------
Tests run: 43, Failures: 0, Errors: 43, Skipped: 0, Time elapsed: 0.055 s <<< FAILURE! - in br.com.contmatic.prova01.model.empresa.FuncionarioTest
nao_deve_aceitar_letras_cpf  Time elapsed: 0 s  <<< ERROR!
java.lang.Error: 
Unresolved compilation problems: 
	The import jakarta cannot be resolved
	NotNull cannot be resolved to a type

	at br.com.contmatic.prova01.model.empresa.FuncionarioTest.set_up(FuncionarioTest.java:31)

nao_deve_aceitar_data_nascimento_menor_data_minima  Time elapsed: 0 s  <<< ERROR!
java.lang.Error: 
Unresolved compilation problems: 
	The import jakarta cannot be resolved
	NotNull cannot be resolved to a type

	at br.com.contmatic.prova01.model.empresa.FuncionarioTest.set_up(FuncionarioTest.java:31)

nao_deve_aceitar_endereco_excedendo_tamanho  Time elapsed: 0 s  <<< ERROR!
java.lang.Error: 
Unresolved compilation problems: 
	The import jakarta cannot be resolved
	NotNull cannot be resolved to a type

	at br.com.contmatic.prova01.model.empresa.FuncionarioTest.set_up(FuncionarioTest.java:31)

nao_deve_aceitar_lista_email_vazio  Time elapsed: 0.003 s  <<< ERROR!
java.lang.Error: 
Unresolved compilation problems: 
	The import jakarta cannot be resolved
	NotNull cannot be resolved to a type

	at br.com.contmatic.prova01.model.empresa.FuncionarioTest.set_up(FuncionarioTest.java:31)

deve_retornar_falso_equals_classes_diferentes  Time elapsed: 0.003 s  <<< ERROR!
java.lang.Error: 
Unresolved compilation problems: 
	The import jakarta cannot be resolved
	NotNull cannot be resolved to a type

	at br.com.contmatic.prova01.model.empresa.FuncionarioTest.set_up(FuncionarioTest.java:31)

nao_deve_aceitar_cpf_diferente_11_digitos  Time elapsed: 0.002 s  <<< ERROR!
java.lang.Error: 
Unresolved compilation problems: 
	The import jakarta cannot be resolved
	NotNull cannot be resolved to a type

	at br.com.contmatic.prova01.model.empresa.FuncionarioTest.set_up(FuncionarioTest.java:31)

deve_comparar_hash_code  Time elapsed: 0 s  <<< ERROR!
java.lang.Error: 
Unresolved compilation problems: 
	The import jakarta cannot be resolved
	NotNull cannot be resolved to a type

	at br.com.contmatic.prova01.model.empresa.FuncionarioTest.set_up(FuncionarioTest.java:31)

deve_retornar_nome_to_string  Time elapsed: 0.001 s  <<< ERROR!
java.lang.Error: 
Unresolved compilation problems: 
	The import jakarta cannot be resolved
	NotNull cannot be resolved to a type

	at br.com.contmatic.prova01.model.empresa.FuncionarioTest.set_up(FuncionarioTest.java:31)

deve_aceitar_cpf_valido  Time elapsed: 0 s  <<< ERROR!
java.lang.Error: 
Unresolved compilation problems: 
	The import jakarta cannot be resolved
	NotNull cannot be resolved to a type

	at br.com.contmatic.prova01.model.empresa.FuncionarioTest.set_up(FuncionarioTest.java:31)

nao_deve_aceitar_nome_vazio  Time elapsed: 0.001 s  <<< ERROR!
java.lang.Error: 
Unresolved compilation problems: 
	The import jakarta cannot be resolved
	NotNull cannot be resolved to a type

	at br.com.contmatic.prova01.model.empresa.FuncionarioTest.set_up(FuncionarioTest.java:31)

nao_deve_aceitar_setor_nulo  Time elapsed: 0.001 s  <<< ERROR!
java.lang.Error: 
Unresolved compilation problems: 
	The import jakarta cannot be resolved
	NotNull cannot be resolved to a type

	at br.com.contmatic.prova01.model.empresa.FuncionarioTest.set_up(FuncionarioTest.java:31)

deve_aceitar_lista_email  Time elapsed: 0.003 s  <<< ERROR!
java.lang.Error: 
Unresolved compilation problems: 
	The import jakarta cannot be resolved
	NotNull cannot be resolved to a type

	at br.com.contmatic.prova01.model.empresa.FuncionarioTest.set_up(FuncionarioTest.java:31)

deve_aceitar_data_nascimento_valida  Time elapsed: 0.002 s  <<< ERROR!
java.lang.Error: 
Unresolved compilation problems: 
	The import jakarta cannot be resolved
	NotNull cannot be resolved to a type

	at br.com.contmatic.prova01.model.empresa.FuncionarioTest.set_up(FuncionarioTest.java:31)

deve_retornar_cpf_to_string  Time elapsed: 0 s  <<< ERROR!
java.lang.Error: 
Unresolved compilation problems: 
	The import jakarta cannot be resolved
	NotNull cannot be resolved to a type

	at br.com.contmatic.prova01.model.empresa.FuncionarioTest.set_up(FuncionarioTest.java:31)

deve_aceitar_nome_valido  Time elapsed: 0.001 s  <<< ERROR!
java.lang.Error: 
Unresolved compilation problems: 
	The import jakarta cannot be resolved
	NotNull cannot be resolved to a type

	at br.com.contmatic.prova01.model.empresa.FuncionarioTest.set_up(FuncionarioTest.java:31)

deve_retornar_falso_equals_nulo  Time elapsed: 0.001 s  <<< ERROR!
java.lang.Error: 
Unresolved compilation problems: 
	The import jakarta cannot be resolved
	NotNull cannot be resolved to a type

	at br.com.contmatic.prova01.model.empresa.FuncionarioTest.set_up(FuncionarioTest.java:31)

nao_deve_aceitar_cpf_numeros_iguais  Time elapsed: 0 s  <<< ERROR!
java.lang.Error: 
Unresolved compilation problems: 
	The import jakarta cannot be resolved
	NotNull cannot be resolved to a type

	at br.com.contmatic.prova01.model.empresa.FuncionarioTest.set_up(FuncionarioTest.java:31)

nao_deve_aceitar_lista_email_excedendo_maximo  Time elapsed: 0 s  <<< ERROR!
java.lang.Error: 
Unresolved compilation problems: 
	The import jakarta cannot be resolved
	NotNull cannot be resolved to a type

	at br.com.contmatic.prova01.model.empresa.FuncionarioTest.set_up(FuncionarioTest.java:31)

nao_deve_aceitar_nome_nulo  Time elapsed: 0.001 s  <<< ERROR!
java.lang.Error: 
Unresolved compilation problems: 
	The import jakarta cannot be resolved
	NotNull cannot be resolved to a type

	at br.com.contmatic.prova01.model.empresa.FuncionarioTest.set_up(FuncionarioTest.java:31)

nao_deve_aceitar_nome_maior_tamanho_maximo  Time elapsed: 0 s  <<< ERROR!
java.lang.Error: 
Unresolved compilation problems: 
	The import jakarta cannot be resolved
	NotNull cannot be resolved to a type

	at br.com.contmatic.prova01.model.empresa.FuncionarioTest.set_up(FuncionarioTest.java:31)

nao_deve_aceitar_nome_menor_tamanho_minimo  Time elapsed: 0 s  <<< ERROR!
java.lang.Error: 
Unresolved compilation problems: 
	The import jakarta cannot be resolved
	NotNull cannot be resolved to a type

	at br.com.contmatic.prova01.model.empresa.FuncionarioTest.set_up(FuncionarioTest.java:31)

nao_deve_aceitar_endereco_vazio  Time elapsed: 0.001 s  <<< ERROR!
java.lang.Error: 
Unresolved compilation problems: 
	The import jakarta cannot be resolved
	NotNull cannot be resolved to a type

	at br.com.contmatic.prova01.model.empresa.FuncionarioTest.set_up(FuncionarioTest.java:31)

nao_deve_aceitar_endereco_nulo  Time elapsed: 0 s  <<< ERROR!
java.lang.Error: 
Unresolved compilation problems: 
	The import jakarta cannot be resolved
	NotNull cannot be resolved to a type

	at br.com.contmatic.prova01.model.empresa.FuncionarioTest.set_up(FuncionarioTest.java:31)

deve_aceitar_lista_endereco  Time elapsed: 0 s  <<< ERROR!
java.lang.Error: 
Unresolved compilation problems: 
	The import jakarta cannot be resolved
	NotNull cannot be resolved to a type

	at br.com.contmatic.prova01.model.empresa.FuncionarioTest.set_up(FuncionarioTest.java:31)

nao_deve_aceitar_lista_telefone_vazio  Time elapsed: 0 s  <<< ERROR!
java.lang.Error: 
Unresolved compilation problems: 
	The import jakarta cannot be resolved
	NotNull cannot be resolved to a type

	at br.com.contmatic.prova01.model.empresa.FuncionarioTest.set_up(FuncionarioTest.java:31)

nao_deve_aceitar_data_nascimento_nulo  Time elapsed: 0 s  <<< ERROR!
java.lang.Error: 
Unresolved compilation problems: 
	The import jakarta cannot be resolved
	NotNull cannot be resolved to a type

	at br.com.contmatic.prova01.model.empresa.FuncionarioTest.set_up(FuncionarioTest.java:31)

nao_deve_aceitar_lista_email_nulo  Time elapsed: 0 s  <<< ERROR!
java.lang.Error: 
Unresolved compilation problems: 
	The import jakarta cannot be resolved
	NotNull cannot be resolved to a type

	at br.com.contmatic.prova01.model.empresa.FuncionarioTest.set_up(FuncionarioTest.java:31)

deve_retornar_email_to_string  Time elapsed: 0.001 s  <<< ERROR!
java.lang.Error: 
Unresolved compilation problems: 
	The import jakarta cannot be resolved
	NotNull cannot be resolved to a type

	at br.com.contmatic.prova01.model.empresa.FuncionarioTest.set_up(FuncionarioTest.java:31)

deve_aceitar_setor_valido  Time elapsed: 0 s  <<< ERROR!
java.lang.Error: 
Unresolved compilation problems: 
	The import jakarta cannot be resolved
	NotNull cannot be resolved to a type

	at br.com.contmatic.prova01.model.empresa.FuncionarioTest.set_up(FuncionarioTest.java:31)

nao_deve_aceitar_lista_telefone_nulo  Time elapsed: 0.001 s  <<< ERROR!
java.lang.Error: 
Unresolved compilation problems: 
	The import jakarta cannot be resolved
	NotNull cannot be resolved to a type

	at br.com.contmatic.prova01.model.empresa.FuncionarioTest.set_up(FuncionarioTest.java:31)

deve_retornar_telefone_to_string  Time elapsed: 0.001 s  <<< ERROR!
java.lang.Error: 
Unresolved compilation problems: 
	The import jakarta cannot be resolved
	NotNull cannot be resolved to a type

	at br.com.contmatic.prova01.model.empresa.FuncionarioTest.set_up(FuncionarioTest.java:31)

deve_retornar_data_nascimento_to_string  Time elapsed: 0.001 s  <<< ERROR!
java.lang.Error: 
Unresolved compilation problems: 
	The import jakarta cannot be resolved
	NotNull cannot be resolved to a type

	at br.com.contmatic.prova01.model.empresa.FuncionarioTest.set_up(FuncionarioTest.java:31)

deve_retornar_endereco_to_string  Time elapsed: 0.001 s  <<< ERROR!
java.lang.Error: 
Unresolved compilation problems: 
	The import jakarta cannot be resolved
	NotNull cannot be resolved to a type

	at br.com.contmatic.prova01.model.empresa.FuncionarioTest.set_up(FuncionarioTest.java:31)

nao_deve_aceitar_data_nascimento_maior_data_limite  Time elapsed: 0 s  <<< ERROR!
java.lang.Error: 
Unresolved compilation problems: 
	The import jakarta cannot be resolved
	NotNull cannot be resolved to a type

	at br.com.contmatic.prova01.model.empresa.FuncionarioTest.set_up(FuncionarioTest.java:31)

nao_deve_aceitar_data_nascimento_funcionario_menor_idade  Time elapsed: 0 s  <<< ERROR!
java.lang.Error: 
Unresolved compilation problems: 
	The import jakarta cannot be resolved
	NotNull cannot be resolved to a type

	at br.com.contmatic.prova01.model.empresa.FuncionarioTest.set_up(FuncionarioTest.java:31)

deve_retornar_verdadeiro_equals_mesma_instancia  Time elapsed: 0.001 s  <<< ERROR!
java.lang.Error: 
Unresolved compilation problems: 
	The import jakarta cannot be resolved
	NotNull cannot be resolved to a type

	at br.com.contmatic.prova01.model.empresa.FuncionarioTest.set_up(FuncionarioTest.java:31)

deve_aceitar_lista_telefone  Time elapsed: 0.001 s  <<< ERROR!
java.lang.Error: 
Unresolved compilation problems: 
	The import jakarta cannot be resolved
	NotNull cannot be resolved to a type

	at br.com.contmatic.prova01.model.empresa.FuncionarioTest.set_up(FuncionarioTest.java:31)

nao_deve_aceitar_lista_telefone_excedendo_maximo  Time elapsed: 0 s  <<< ERROR!
java.lang.Error: 
Unresolved compilation problems: 
	The import jakarta cannot be resolved
	NotNull cannot be resolved to a type

	at br.com.contmatic.prova01.model.empresa.FuncionarioTest.set_up(FuncionarioTest.java:31)

deve_retornar_verdadeiro_equals_mesmo_objeto  Time elapsed: 0.001 s  <<< ERROR!
java.lang.Error: 
Unresolved compilation problems: 
	The import jakarta cannot be resolved
	NotNull cannot be resolved to a type

	at br.com.contmatic.prova01.model.empresa.FuncionarioTest.set_up(FuncionarioTest.java:31)

deve_retornar_setor_to_string  Time elapsed: 0.003 s  <<< ERROR!
java.lang.Error: 
Unresolved compilation problems: 
	The import jakarta cannot be resolved
	NotNull cannot be resolved to a type

	at br.com.contmatic.prova01.model.empresa.FuncionarioTest.set_up(FuncionarioTest.java:31)

nao_deve_aceitar_cpf_vazio  Time elapsed: 0.002 s  <<< ERROR!
java.lang.Error: 
Unresolved compilation problems: 
	The import jakarta cannot be resolved
	NotNull cannot be resolved to a type

	at br.com.contmatic.prova01.model.empresa.FuncionarioTest.set_up(FuncionarioTest.java:31)

nao_deve_aceitar_nome_com_numero  Time elapsed: 0 s  <<< ERROR!
java.lang.Error: 
Unresolved compilation problems: 
	The import jakarta cannot be resolved
	NotNull cannot be resolved to a type

	at br.com.contmatic.prova01.model.empresa.FuncionarioTest.set_up(FuncionarioTest.java:31)

nao_deve_aceitar_cpf_invalido  Time elapsed: 0 s  <<< ERROR!
java.lang.Error: 
Unresolved compilation problems: 
	The import jakarta cannot be resolved
	NotNull cannot be resolved to a type

	at br.com.contmatic.prova01.model.empresa.FuncionarioTest.set_up(FuncionarioTest.java:31)

