-------------------------------------------------------------------------------
Test set: br.com.contmatic.prova01.model.email.EmailTest
-------------------------------------------------------------------------------
Tests run: 15, Failures: 0, Errors: 15, Skipped: 0, Time elapsed: 0.012 s <<< FAILURE! - in br.com.contmatic.prova01.model.email.EmailTest
deve_testar_mesmo_valor_hash_code  Time elapsed: 0 s  <<< ERROR!
java.lang.Error: 
Unresolved compilation problems: 
	The import jakarta cannot be resolved
	NotNull cannot be resolved to a type

	at br.com.contmatic.prova01.model.email.EmailTest.setUp(EmailTest.java:22)

deve_retornar_falso_equals_diferentes_classes  Time elapsed: 0.001 s  <<< ERROR!
java.lang.Error: 
Unresolved compilation problems: 
	The import jakarta cannot be resolved
	NotNull cannot be resolved to a type

	at br.com.contmatic.prova01.model.email.EmailTest.setUp(EmailTest.java:22)

nao_deve_aceitar_tipo_nulo  Time elapsed: 0 s  <<< ERROR!
java.lang.Error: 
Unresolved compilation problems: 
	The import jakarta cannot be resolved
	NotNull cannot be resolved to a type

	at br.com.contmatic.prova01.model.email.EmailTest.setUp(EmailTest.java:22)

nao_deve_aceitar_endereco_caracteres_insuficientes  Time elapsed: 0 s  <<< ERROR!
java.lang.Error: 
Unresolved compilation problems: 
	The import jakarta cannot be resolved
	NotNull cannot be resolved to a type

	at br.com.contmatic.prova01.model.email.EmailTest.setUp(EmailTest.java:22)

deve_retornar_falso_para_equals_comparado_com_nulo  Time elapsed: 0 s  <<< ERROR!
java.lang.Error: 
Unresolved compilation problems: 
	The import jakarta cannot be resolved
	NotNull cannot be resolved to a type

	at br.com.contmatic.prova01.model.email.EmailTest.setUp(EmailTest.java:22)

nao_deve_aceitar_endereco_caracteres_excedendo_limite  Time elapsed: 0.001 s  <<< ERROR!
java.lang.Error: 
Unresolved compilation problems: 
	The import jakarta cannot be resolved
	NotNull cannot be resolved to a type

	at br.com.contmatic.prova01.model.email.EmailTest.setUp(EmailTest.java:22)

deve_retornar_verdadeiro_equals  Time elapsed: 0 s  <<< ERROR!
java.lang.Error: 
Unresolved compilation problems: 
	The import jakarta cannot be resolved
	NotNull cannot be resolved to a type

	at br.com.contmatic.prova01.model.email.EmailTest.setUp(EmailTest.java:22)

nao_deve_aceitar_endereco_email_com_espaco_em_branco  Time elapsed: 0 s  <<< ERROR!
java.lang.Error: 
Unresolved compilation problems: 
	The import jakarta cannot be resolved
	NotNull cannot be resolved to a type

	at br.com.contmatic.prova01.model.email.EmailTest.setUp(EmailTest.java:22)

nao_deve_aceitar_endereco_email_nulo  Time elapsed: 0 s  <<< ERROR!
java.lang.Error: 
Unresolved compilation problems: 
	The import jakarta cannot be resolved
	NotNull cannot be resolved to a type

	at br.com.contmatic.prova01.model.email.EmailTest.setUp(EmailTest.java:22)

deve_aceitar_tipo  Time elapsed: 0 s  <<< ERROR!
java.lang.Error: 
Unresolved compilation problems: 
	The import jakarta cannot be resolved
	NotNull cannot be resolved to a type

	at br.com.contmatic.prova01.model.email.EmailTest.setUp(EmailTest.java:22)

deve_retornar_endereco_to_string  Time elapsed: 0 s  <<< ERROR!
java.lang.Error: 
Unresolved compilation problems: 
	The import jakarta cannot be resolved
	NotNull cannot be resolved to a type

	at br.com.contmatic.prova01.model.email.EmailTest.setUp(EmailTest.java:22)

deve_retornar_verdadeiro_equals_mesma_instancia  Time elapsed: 0 s  <<< ERROR!
java.lang.Error: 
Unresolved compilation problems: 
	The import jakarta cannot be resolved
	NotNull cannot be resolved to a type

	at br.com.contmatic.prova01.model.email.EmailTest.setUp(EmailTest.java:22)

deve_retornar_tipo_to_string  Time elapsed: 0 s  <<< ERROR!
java.lang.Error: 
Unresolved compilation problems: 
	The import jakarta cannot be resolved
	NotNull cannot be resolved to a type

	at br.com.contmatic.prova01.model.email.EmailTest.setUp(EmailTest.java:22)

deve_aceitar_endereco_email  Time elapsed: 0 s  <<< ERROR!
java.lang.Error: 
Unresolved compilation problems: 
	The import jakarta cannot be resolved
	NotNull cannot be resolved to a type

	at br.com.contmatic.prova01.model.email.EmailTest.setUp(EmailTest.java:22)

nao_deve_aceitar_endereco_invalido  Time elapsed: 0 s  <<< ERROR!
java.lang.Error: 
Unresolved compilation problems: 
	The import jakarta cannot be resolved
	NotNull cannot be resolved to a type

	at br.com.contmatic.prova01.model.email.EmailTest.setUp(EmailTest.java:22)

