-------------------------------------------------------------------------------
Test set: br.com.contmatic.prova01.model.empresa.ProdutoTest
-------------------------------------------------------------------------------
Tests run: 22, Failures: 0, Errors: 22, Skipped: 0, Time elapsed: 0.051 s <<< FAILURE! - in br.com.contmatic.prova01.model.empresa.ProdutoTest
deve_retornar_falso_equals_classes_diferentes  Time elapsed: 0 s  <<< ERROR!
java.lang.Error: 
Unresolved compilation problems: 
	The import jakarta cannot be resolved
	NotNull cannot be resolved to a type

	at br.com.contmatic.prova01.model.empresa.ProdutoTest.set_up(ProdutoTest.java:21)

deve_aceitar_nome_produto_valido  Time elapsed: 0 s  <<< ERROR!
java.lang.Error: 
Unresolved compilation problems: 
	The import jakarta cannot be resolved
	NotNull cannot be resolved to a type

	at br.com.contmatic.prova01.model.empresa.ProdutoTest.set_up(ProdutoTest.java:21)

deve_comparar_hash_code  Time elapsed: 0 s  <<< ERROR!
java.lang.Error: 
Unresolved compilation problems: 
	The import jakarta cannot be resolved
	NotNull cannot be resolved to a type

	at br.com.contmatic.prova01.model.empresa.ProdutoTest.set_up(ProdutoTest.java:21)

deve_retornar_nome_to_string  Time elapsed: 0 s  <<< ERROR!
java.lang.Error: 
Unresolved compilation problems: 
	The import jakarta cannot be resolved
	NotNull cannot be resolved to a type

	at br.com.contmatic.prova01.model.empresa.ProdutoTest.set_up(ProdutoTest.java:21)

nao_deve_aceitar_nome_produto_nulo  Time elapsed: 0 s  <<< ERROR!
java.lang.Error: 
Unresolved compilation problems: 
	The import jakarta cannot be resolved
	NotNull cannot be resolved to a type

	at br.com.contmatic.prova01.model.empresa.ProdutoTest.set_up(ProdutoTest.java:21)

deve_retornar_falso_equals_nulo  Time elapsed: 0.004 s  <<< ERROR!
java.lang.Error: 
Unresolved compilation problems: 
	The import jakarta cannot be resolved
	NotNull cannot be resolved to a type

	at br.com.contmatic.prova01.model.empresa.ProdutoTest.set_up(ProdutoTest.java:21)

deve_retornar_codigo_to_string  Time elapsed: 0 s  <<< ERROR!
java.lang.Error: 
Unresolved compilation problems: 
	The import jakarta cannot be resolved
	NotNull cannot be resolved to a type

	at br.com.contmatic.prova01.model.empresa.ProdutoTest.set_up(ProdutoTest.java:21)

nao_deve_aceitar_valor_negativo  Time elapsed: 0.002 s  <<< ERROR!
java.lang.Error: 
Unresolved compilation problems: 
	The import jakarta cannot be resolved
	NotNull cannot be resolved to a type

	at br.com.contmatic.prova01.model.empresa.ProdutoTest.set_up(ProdutoTest.java:21)

nao_deve_aceitar_codigo_maior_maximo  Time elapsed: 0.003 s  <<< ERROR!
java.lang.Error: 
Unresolved compilation problems: 
	The import jakarta cannot be resolved
	NotNull cannot be resolved to a type

	at br.com.contmatic.prova01.model.empresa.ProdutoTest.set_up(ProdutoTest.java:21)

nao_deve_aceitar_codigo_neativo  Time elapsed: 0 s  <<< ERROR!
java.lang.Error: 
Unresolved compilation problems: 
	The import jakarta cannot be resolved
	NotNull cannot be resolved to a type

	at br.com.contmatic.prova01.model.empresa.ProdutoTest.set_up(ProdutoTest.java:21)

nao_deve_aceitar_valor_nulo  Time elapsed: 0.001 s  <<< ERROR!
java.lang.Error: 
Unresolved compilation problems: 
	The import jakarta cannot be resolved
	NotNull cannot be resolved to a type

	at br.com.contmatic.prova01.model.empresa.ProdutoTest.set_up(ProdutoTest.java:21)

nao_deve_aceitar_nome_produto_vazio  Time elapsed: 0.003 s  <<< ERROR!
java.lang.Error: 
Unresolved compilation problems: 
	The import jakarta cannot be resolved
	NotNull cannot be resolved to a type

	at br.com.contmatic.prova01.model.empresa.ProdutoTest.set_up(ProdutoTest.java:21)

nao_deve_aceitar_nome_produto_maior_tamanho_maximo  Time elapsed: 0.001 s  <<< ERROR!
java.lang.Error: 
Unresolved compilation problems: 
	The import jakarta cannot be resolved
	NotNull cannot be resolved to a type

	at br.com.contmatic.prova01.model.empresa.ProdutoTest.set_up(ProdutoTest.java:21)

nao_deve_aceitar_nome_produto_menor_tamanho_minimo  Time elapsed: 0.001 s  <<< ERROR!
java.lang.Error: 
Unresolved compilation problems: 
	The import jakarta cannot be resolved
	NotNull cannot be resolved to a type

	at br.com.contmatic.prova01.model.empresa.ProdutoTest.set_up(ProdutoTest.java:21)

deve_aceitar_codigo_valido  Time elapsed: 0.001 s  <<< ERROR!
java.lang.Error: 
Unresolved compilation problems: 
	The import jakarta cannot be resolved
	NotNull cannot be resolved to a type

	at br.com.contmatic.prova01.model.empresa.ProdutoTest.set_up(ProdutoTest.java:21)

nao_deve_aceitar_valor_maior_maximo  Time elapsed: 0.002 s  <<< ERROR!
java.lang.Error: 
Unresolved compilation problems: 
	The import jakarta cannot be resolved
	NotNull cannot be resolved to a type

	at br.com.contmatic.prova01.model.empresa.ProdutoTest.set_up(ProdutoTest.java:21)

deve_aceitar_valor_valido  Time elapsed: 0 s  <<< ERROR!
java.lang.Error: 
Unresolved compilation problems: 
	The import jakarta cannot be resolved
	NotNull cannot be resolved to a type

	at br.com.contmatic.prova01.model.empresa.ProdutoTest.set_up(ProdutoTest.java:21)

deve_retornar_verdadeir_equals_mesma_instancia  Time elapsed: 0.009 s  <<< ERROR!
java.lang.Error: 
Unresolved compilation problems: 
	The import jakarta cannot be resolved
	NotNull cannot be resolved to a type

	at br.com.contmatic.prova01.model.empresa.ProdutoTest.set_up(ProdutoTest.java:21)

deve_retornar_verdadeiro_equals_mesmo_objeto  Time elapsed: 0.003 s  <<< ERROR!
java.lang.Error: 
Unresolved compilation problems: 
	The import jakarta cannot be resolved
	NotNull cannot be resolved to a type

	at br.com.contmatic.prova01.model.empresa.ProdutoTest.set_up(ProdutoTest.java:21)

nao_deve_aceitar_codigo_nulo  Time elapsed: 0 s  <<< ERROR!
java.lang.Error: 
Unresolved compilation problems: 
	The import jakarta cannot be resolved
	NotNull cannot be resolved to a type

	at br.com.contmatic.prova01.model.empresa.ProdutoTest.set_up(ProdutoTest.java:21)

deve_retornar_valor_to_string  Time elapsed: 0.001 s  <<< ERROR!
java.lang.Error: 
Unresolved compilation problems: 
	The import jakarta cannot be resolved
	NotNull cannot be resolved to a type

	at br.com.contmatic.prova01.model.empresa.ProdutoTest.set_up(ProdutoTest.java:21)

nao_deve_aceitar_nome_produto_numeros  Time elapsed: 0.004 s  <<< ERROR!
java.lang.Error: 
Unresolved compilation problems: 
	The import jakarta cannot be resolved
	NotNull cannot be resolved to a type

	at br.com.contmatic.prova01.model.empresa.ProdutoTest.set_up(ProdutoTest.java:21)

