-------------------------------------------------------------------------------
Test set: br.com.contmatic.prova01.model.endereco.EnderecoTest
-------------------------------------------------------------------------------
Tests run: 32, Failures: 0, Errors: 32, Skipped: 0, Time elapsed: 0.036 s <<< FAILURE! - in br.com.contmatic.prova01.model.endereco.EnderecoTest
nao_deve_aceitar_logradouro_menor_tamanho_minimo  Time elapsed: 0.001 s  <<< ERROR!
java.lang.Error: 
Unresolved compilation problems: 
	The import jakarta cannot be resolved
	NotNull cannot be resolved to a type

	at br.com.contmatic.prova01.model.endereco.EnderecoTest.set_up(EnderecoTest.java:21)

deve_aceitar_logradouro_valido  Time elapsed: 0.001 s  <<< ERROR!
java.lang.Error: 
Unresolved compilation problems: 
	The import jakarta cannot be resolved
	NotNull cannot be resolved to a type

	at br.com.contmatic.prova01.model.endereco.EnderecoTest.set_up(EnderecoTest.java:21)

deve_retornar_logradouro_to_string  Time elapsed: 0.001 s  <<< ERROR!
java.lang.Error: 
Unresolved compilation problems: 
	The import jakarta cannot be resolved
	NotNull cannot be resolved to a type

	at br.com.contmatic.prova01.model.endereco.EnderecoTest.set_up(EnderecoTest.java:21)

deve_retornar_complemento_to_string  Time elapsed: 0.001 s  <<< ERROR!
java.lang.Error: 
Unresolved compilation problems: 
	The import jakarta cannot be resolved
	NotNull cannot be resolved to a type

	at br.com.contmatic.prova01.model.endereco.EnderecoTest.set_up(EnderecoTest.java:21)

deve_retornar_falso_equals_classes_diferentes  Time elapsed: 0.001 s  <<< ERROR!
java.lang.Error: 
Unresolved compilation problems: 
	The import jakarta cannot be resolved
	NotNull cannot be resolved to a type

	at br.com.contmatic.prova01.model.endereco.EnderecoTest.set_up(EnderecoTest.java:21)

nao_deve_aceitar_cep_nulo  Time elapsed: 0.001 s  <<< ERROR!
java.lang.Error: 
Unresolved compilation problems: 
	The import jakarta cannot be resolved
	NotNull cannot be resolved to a type

	at br.com.contmatic.prova01.model.endereco.EnderecoTest.set_up(EnderecoTest.java:21)

deve_aceitar_cidade_valida  Time elapsed: 0 s  <<< ERROR!
java.lang.Error: 
Unresolved compilation problems: 
	The import jakarta cannot be resolved
	NotNull cannot be resolved to a type

	at br.com.contmatic.prova01.model.endereco.EnderecoTest.set_up(EnderecoTest.java:21)

deve_retornar_falso_equals_instancias_diferentes  Time elapsed: 0 s  <<< ERROR!
java.lang.Error: 
Unresolved compilation problems: 
	The import jakarta cannot be resolved
	NotNull cannot be resolved to a type

	at br.com.contmatic.prova01.model.endereco.EnderecoTest.set_up(EnderecoTest.java:21)

nao_deve_aceitar_complemento_nulo  Time elapsed: 0 s  <<< ERROR!
java.lang.Error: 
Unresolved compilation problems: 
	The import jakarta cannot be resolved
	NotNull cannot be resolved to a type

	at br.com.contmatic.prova01.model.endereco.EnderecoTest.set_up(EnderecoTest.java:21)

nao_deve_aceitar_cidade_nulo  Time elapsed: 0 s  <<< ERROR!
java.lang.Error: 
Unresolved compilation problems: 
	The import jakarta cannot be resolved
	NotNull cannot be resolved to a type

	at br.com.contmatic.prova01.model.endereco.EnderecoTest.set_up(EnderecoTest.java:21)

nao_deve_aceitar_logradouro_nulo  Time elapsed: 0.001 s  <<< ERROR!
java.lang.Error: 
Unresolved compilation problems: 
	The import jakarta cannot be resolved
	NotNull cannot be resolved to a type

	at br.com.contmatic.prova01.model.endereco.EnderecoTest.set_up(EnderecoTest.java:21)

nao_deve_aceitar_complemento_excedendo_caracteres_permitidos  Time elapsed: 0.001 s  <<< ERROR!
java.lang.Error: 
Unresolved compilation problems: 
	The import jakarta cannot be resolved
	NotNull cannot be resolved to a type

	at br.com.contmatic.prova01.model.endereco.EnderecoTest.set_up(EnderecoTest.java:21)

nao_deve_aceitar_numero_maior_tamanho_maximo  Time elapsed: 0 s  <<< ERROR!
java.lang.Error: 
Unresolved compilation problems: 
	The import jakarta cannot be resolved
	NotNull cannot be resolved to a type

	at br.com.contmatic.prova01.model.endereco.EnderecoTest.set_up(EnderecoTest.java:21)

nao_deve_aceitar_cep_diferente_8_digitos  Time elapsed: 0.001 s  <<< ERROR!
java.lang.Error: 
Unresolved compilation problems: 
	The import jakarta cannot be resolved
	NotNull cannot be resolved to a type

	at br.com.contmatic.prova01.model.endereco.EnderecoTest.set_up(EnderecoTest.java:21)

nao_deve_aceitar_logradouro_vazio  Time elapsed: 0.001 s  <<< ERROR!
java.lang.Error: 
Unresolved compilation problems: 
	The import jakarta cannot be resolved
	NotNull cannot be resolved to a type

	at br.com.contmatic.prova01.model.endereco.EnderecoTest.set_up(EnderecoTest.java:21)

nao_deve_aceitar_complemento_menor_caracteres_necessarios  Time elapsed: 0.001 s  <<< ERROR!
java.lang.Error: 
Unresolved compilation problems: 
	The import jakarta cannot be resolved
	NotNull cannot be resolved to a type

	at br.com.contmatic.prova01.model.endereco.EnderecoTest.set_up(EnderecoTest.java:21)

nao_deve_aceitar_numero_menor_tamanho_minimo  Time elapsed: 0.001 s  <<< ERROR!
java.lang.Error: 
Unresolved compilation problems: 
	The import jakarta cannot be resolved
	NotNull cannot be resolved to a type

	at br.com.contmatic.prova01.model.endereco.EnderecoTest.set_up(EnderecoTest.java:21)

nao_deve_aceitar_cep_com_letras  Time elapsed: 0.001 s  <<< ERROR!
java.lang.Error: 
Unresolved compilation problems: 
	The import jakarta cannot be resolved
	NotNull cannot be resolved to a type

	at br.com.contmatic.prova01.model.endereco.EnderecoTest.set_up(EnderecoTest.java:21)

deve_retornar_mesmo_hash_code  Time elapsed: 0.002 s  <<< ERROR!
java.lang.Error: 
Unresolved compilation problems: 
	The import jakarta cannot be resolved
	NotNull cannot be resolved to a type

	at br.com.contmatic.prova01.model.endereco.EnderecoTest.set_up(EnderecoTest.java:21)

deve_aceitar_complemento_valido  Time elapsed: 0 s  <<< ERROR!
java.lang.Error: 
Unresolved compilation problems: 
	The import jakarta cannot be resolved
	NotNull cannot be resolved to a type

	at br.com.contmatic.prova01.model.endereco.EnderecoTest.set_up(EnderecoTest.java:21)

nao_deve_aceitar_cep_vazio  Time elapsed: 0.003 s  <<< ERROR!
java.lang.Error: 
Unresolved compilation problems: 
	The import jakarta cannot be resolved
	NotNull cannot be resolved to a type

	at br.com.contmatic.prova01.model.endereco.EnderecoTest.set_up(EnderecoTest.java:21)

deve_retornar_falso_equals_objeto_nulo  Time elapsed: 0.001 s  <<< ERROR!
java.lang.Error: 
Unresolved compilation problems: 
	The import jakarta cannot be resolved
	NotNull cannot be resolved to a type

	at br.com.contmatic.prova01.model.endereco.EnderecoTest.set_up(EnderecoTest.java:21)

deve_retornar_numero_to_string  Time elapsed: 0.001 s  <<< ERROR!
java.lang.Error: 
Unresolved compilation problems: 
	The import jakarta cannot be resolved
	NotNull cannot be resolved to a type

	at br.com.contmatic.prova01.model.endereco.EnderecoTest.set_up(EnderecoTest.java:21)

deve_retornar_cep_to_string  Time elapsed: 0.001 s  <<< ERROR!
java.lang.Error: 
Unresolved compilation problems: 
	The import jakarta cannot be resolved
	NotNull cannot be resolved to a type

	at br.com.contmatic.prova01.model.endereco.EnderecoTest.set_up(EnderecoTest.java:21)

deve_retornar_verdadeiro_equals_mesma_instancia  Time elapsed: 0.001 s  <<< ERROR!
java.lang.Error: 
Unresolved compilation problems: 
	The import jakarta cannot be resolved
	NotNull cannot be resolved to a type

	at br.com.contmatic.prova01.model.endereco.EnderecoTest.set_up(EnderecoTest.java:21)

deve_aceitar_cep_valido  Time elapsed: 0.002 s  <<< ERROR!
java.lang.Error: 
Unresolved compilation problems: 
	The import jakarta cannot be resolved
	NotNull cannot be resolved to a type

	at br.com.contmatic.prova01.model.endereco.EnderecoTest.set_up(EnderecoTest.java:21)

deve_retornar_cidade_to_string  Time elapsed: 0.001 s  <<< ERROR!
java.lang.Error: 
Unresolved compilation problems: 
	The import jakarta cannot be resolved
	NotNull cannot be resolved to a type

	at br.com.contmatic.prova01.model.endereco.EnderecoTest.set_up(EnderecoTest.java:21)

deve_retornar_verdadeiro_equals_mesmo_objeto  Time elapsed: 0.001 s  <<< ERROR!
java.lang.Error: 
Unresolved compilation problems: 
	The import jakarta cannot be resolved
	NotNull cannot be resolved to a type

	at br.com.contmatic.prova01.model.endereco.EnderecoTest.set_up(EnderecoTest.java:21)

nao_deve_aceitar_numero_nulo  Time elapsed: 0 s  <<< ERROR!
java.lang.Error: 
Unresolved compilation problems: 
	The import jakarta cannot be resolved
	NotNull cannot be resolved to a type

	at br.com.contmatic.prova01.model.endereco.EnderecoTest.set_up(EnderecoTest.java:21)

nao_deve_aceitar_logradouro_maior_tamanho_maximo  Time elapsed: 0 s  <<< ERROR!
java.lang.Error: 
Unresolved compilation problems: 
	The import jakarta cannot be resolved
	NotNull cannot be resolved to a type

	at br.com.contmatic.prova01.model.endereco.EnderecoTest.set_up(EnderecoTest.java:21)

deve_aceitar_numero_valido  Time elapsed: 0.001 s  <<< ERROR!
java.lang.Error: 
Unresolved compilation problems: 
	The import jakarta cannot be resolved
	NotNull cannot be resolved to a type

	at br.com.contmatic.prova01.model.endereco.EnderecoTest.set_up(EnderecoTest.java:21)

nao_deve_aceitar_complemento_vazio  Time elapsed: 0.001 s  <<< ERROR!
java.lang.Error: 
Unresolved compilation problems: 
	The import jakarta cannot be resolved
	NotNull cannot be resolved to a type

	at br.com.contmatic.prova01.model.endereco.EnderecoTest.set_up(EnderecoTest.java:21)

