-------------------------------------------------------------------------------
Test set: br.com.contmatic.prova01.model.endereco.CidadeTest
-------------------------------------------------------------------------------
Tests run: 16, Failures: 0, Errors: 16, Skipped: 0, Time elapsed: 0.019 s <<< FAILURE! - in br.com.contmatic.prova01.model.endereco.CidadeTest
deve_retornar_estado_to_string  Time elapsed: 0.002 s  <<< ERROR!
java.lang.Error: 
Unresolved compilation problems: 
	The import jakarta cannot be resolved
	NotNull cannot be resolved to a type

	at br.com.contmatic.prova01.model.endereco.CidadeTest.set_up(CidadeTest.java:24)

nao_deve_aceitar_nome_caracteres_insuficientes  Time elapsed: 0.001 s  <<< ERROR!
java.lang.Error: 
Unresolved compilation problems: 
	The import jakarta cannot be resolved
	NotNull cannot be resolved to a type

	at br.com.contmatic.prova01.model.endereco.CidadeTest.set_up(CidadeTest.java:24)

deve_retornar_falso_equals_classes_diferentes  Time elapsed: 0.001 s  <<< ERROR!
java.lang.Error: 
Unresolved compilation problems: 
	The import jakarta cannot be resolved
	NotNull cannot be resolved to a type

	at br.com.contmatic.prova01.model.endereco.CidadeTest.set_up(CidadeTest.java:24)

deve_aceitar_nome_cidade  Time elapsed: 0.001 s  <<< ERROR!
java.lang.Error: 
Unresolved compilation problems: 
	The import jakarta cannot be resolved
	NotNull cannot be resolved to a type

	at br.com.contmatic.prova01.model.endereco.CidadeTest.set_up(CidadeTest.java:24)

deve_retornar_nome_to_string  Time elapsed: 0.001 s  <<< ERROR!
java.lang.Error: 
Unresolved compilation problems: 
	The import jakarta cannot be resolved
	NotNull cannot be resolved to a type

	at br.com.contmatic.prova01.model.endereco.CidadeTest.set_up(CidadeTest.java:24)

nao_deve_aceitar_nome_vazio  Time elapsed: 0.001 s  <<< ERROR!
java.lang.Error: 
Unresolved compilation problems: 
	The import jakarta cannot be resolved
	NotNull cannot be resolved to a type

	at br.com.contmatic.prova01.model.endereco.CidadeTest.set_up(CidadeTest.java:24)

deve_retornar_falso_equals_instancias_diferentes  Time elapsed: 0.001 s  <<< ERROR!
java.lang.Error: 
Unresolved compilation problems: 
	The import jakarta cannot be resolved
	NotNull cannot be resolved to a type

	at br.com.contmatic.prova01.model.endereco.CidadeTest.set_up(CidadeTest.java:24)

nao_deve_aceitar_estado_null  Time elapsed: 0 s  <<< ERROR!
java.lang.Error: 
Unresolved compilation problems: 
	The import jakarta cannot be resolved
	NotNull cannot be resolved to a type

	at br.com.contmatic.prova01.model.endereco.CidadeTest.set_up(CidadeTest.java:24)

nao_deve_aceitar_nome_nulo  Time elapsed: 0.001 s  <<< ERROR!
java.lang.Error: 
Unresolved compilation problems: 
	The import jakarta cannot be resolved
	NotNull cannot be resolved to a type

	at br.com.contmatic.prova01.model.endereco.CidadeTest.set_up(CidadeTest.java:24)

deve_retornar_mesmo_hash_code  Time elapsed: 0 s  <<< ERROR!
java.lang.Error: 
Unresolved compilation problems: 
	The import jakarta cannot be resolved
	NotNull cannot be resolved to a type

	at br.com.contmatic.prova01.model.endereco.CidadeTest.set_up(CidadeTest.java:24)

deve_retornar_falso_equals_objeto_nulo  Time elapsed: 0.001 s  <<< ERROR!
java.lang.Error: 
Unresolved compilation problems: 
	The import jakarta cannot be resolved
	NotNull cannot be resolved to a type

	at br.com.contmatic.prova01.model.endereco.CidadeTest.set_up(CidadeTest.java:24)

deve_aceitar_estado_valido  Time elapsed: 0.001 s  <<< ERROR!
java.lang.Error: 
Unresolved compilation problems: 
	The import jakarta cannot be resolved
	NotNull cannot be resolved to a type

	at br.com.contmatic.prova01.model.endereco.CidadeTest.set_up(CidadeTest.java:24)

deve_retornar_verdadeiro_equals_mesma_instancia  Time elapsed: 0.001 s  <<< ERROR!
java.lang.Error: 
Unresolved compilation problems: 
	The import jakarta cannot be resolved
	NotNull cannot be resolved to a type

	at br.com.contmatic.prova01.model.endereco.CidadeTest.set_up(CidadeTest.java:24)

nao_deve_aceitar_nome_numeros  Time elapsed: 0.002 s  <<< ERROR!
java.lang.Error: 
Unresolved compilation problems: 
	The import jakarta cannot be resolved
	NotNull cannot be resolved to a type

	at br.com.contmatic.prova01.model.endereco.CidadeTest.set_up(CidadeTest.java:24)

nao_deve_aceitar_nome_excedendo_maximo_caracteres  Time elapsed: 0 s  <<< ERROR!
java.lang.Error: 
Unresolved compilation problems: 
	The import jakarta cannot be resolved
	NotNull cannot be resolved to a type

	at br.com.contmatic.prova01.model.endereco.CidadeTest.set_up(CidadeTest.java:24)

deve_retornar_verdadeiro_equals_mesmo_objeto  Time elapsed: 0.001 s  <<< ERROR!
java.lang.Error: 
Unresolved compilation problems: 
	The import jakarta cannot be resolved
	NotNull cannot be resolved to a type

	at br.com.contmatic.prova01.model.endereco.CidadeTest.set_up(CidadeTest.java:24)

