-------------------------------------------------------------------------------
Test set: br.com.contmatic.prova01.model.endereco.EstadoTest
-------------------------------------------------------------------------------
Tests run: 16, Failures: 0, Errors: 16, Skipped: 0, Time elapsed: 0.027 s <<< FAILURE! - in br.com.contmatic.prova01.model.endereco.EstadoTest
nao_deve_aceitar_nome_caracteres_insuficientes  Time elapsed: 0 s  <<< ERROR!
java.lang.Error: 
Unresolved compilation problems: 
	The import jakarta cannot be resolved
	NotNull cannot be resolved to a type

	at br.com.contmatic.prova01.model.endereco.EstadoTest.set_up(EstadoTest.java:21)

deve_retornar_falso_equals_classes_diferentes  Time elapsed: 0 s  <<< ERROR!
java.lang.Error: 
Unresolved compilation problems: 
	The import jakarta cannot be resolved
	NotNull cannot be resolved to a type

	at br.com.contmatic.prova01.model.endereco.EstadoTest.set_up(EstadoTest.java:21)

nao_deve_aceitar_nome_excedendo_maximo  Time elapsed: 0.002 s  <<< ERROR!
java.lang.Error: 
Unresolved compilation problems: 
	The import jakarta cannot be resolved
	NotNull cannot be resolved to a type

	at br.com.contmatic.prova01.model.endereco.EstadoTest.set_up(EstadoTest.java:21)

deve_retornar_nome_to_string  Time elapsed: 0 s  <<< ERROR!
java.lang.Error: 
Unresolved compilation problems: 
	The import jakarta cannot be resolved
	NotNull cannot be resolved to a type

	at br.com.contmatic.prova01.model.endereco.EstadoTest.set_up(EstadoTest.java:21)

nao_deve_aceitar_nome_vazio  Time elapsed: 0.003 s  <<< ERROR!
java.lang.Error: 
Unresolved compilation problems: 
	The import jakarta cannot be resolved
	NotNull cannot be resolved to a type

	at br.com.contmatic.prova01.model.endereco.EstadoTest.set_up(EstadoTest.java:21)

nao_deve_aceitar_nome_como_numeros_caractes_especiais  Time elapsed: 0.001 s  <<< ERROR!
java.lang.Error: 
Unresolved compilation problems: 
	The import jakarta cannot be resolved
	NotNull cannot be resolved to a type

	at br.com.contmatic.prova01.model.endereco.EstadoTest.set_up(EstadoTest.java:21)

deve_aceitar_nome_valido  Time elapsed: 0.006 s  <<< ERROR!
java.lang.Error: 
Unresolved compilation problems: 
	The import jakarta cannot be resolved
	NotNull cannot be resolved to a type

	at br.com.contmatic.prova01.model.endereco.EstadoTest.set_up(EstadoTest.java:21)

deve_retornar_sigla_to_string  Time elapsed: 0 s  <<< ERROR!
java.lang.Error: 
Unresolved compilation problems: 
	The import jakarta cannot be resolved
	NotNull cannot be resolved to a type

	at br.com.contmatic.prova01.model.endereco.EstadoTest.set_up(EstadoTest.java:21)

deve_retornar_falso_equals_instancia_diferentes  Time elapsed: 0 s  <<< ERROR!
java.lang.Error: 
Unresolved compilation problems: 
	The import jakarta cannot be resolved
	NotNull cannot be resolved to a type

	at br.com.contmatic.prova01.model.endereco.EstadoTest.set_up(EstadoTest.java:21)

nao_deve_aceitar_nome_nulo  Time elapsed: 0.004 s  <<< ERROR!
java.lang.Error: 
Unresolved compilation problems: 
	The import jakarta cannot be resolved
	NotNull cannot be resolved to a type

	at br.com.contmatic.prova01.model.endereco.EstadoTest.set_up(EstadoTest.java:21)

deve_retornar_mesmo_hash_code  Time elapsed: 0.002 s  <<< ERROR!
java.lang.Error: 
Unresolved compilation problems: 
	The import jakarta cannot be resolved
	NotNull cannot be resolved to a type

	at br.com.contmatic.prova01.model.endereco.EstadoTest.set_up(EstadoTest.java:21)

nao_deve_aceitar_sigla_nulo  Time elapsed: 0.001 s  <<< ERROR!
java.lang.Error: 
Unresolved compilation problems: 
	The import jakarta cannot be resolved
	NotNull cannot be resolved to a type

	at br.com.contmatic.prova01.model.endereco.EstadoTest.set_up(EstadoTest.java:21)

deve_retornar_falso_equals_objeto_nulo  Time elapsed: 0.002 s  <<< ERROR!
java.lang.Error: 
Unresolved compilation problems: 
	The import jakarta cannot be resolved
	NotNull cannot be resolved to a type

	at br.com.contmatic.prova01.model.endereco.EstadoTest.set_up(EstadoTest.java:21)

deve_retornar_verdadeiro_equals_mesma_instancia  Time elapsed: 0.001 s  <<< ERROR!
java.lang.Error: 
Unresolved compilation problems: 
	The import jakarta cannot be resolved
	NotNull cannot be resolved to a type

	at br.com.contmatic.prova01.model.endereco.EstadoTest.set_up(EstadoTest.java:21)

deve_retornar_verdadeiro_equals_mesmo_objeto  Time elapsed: 0 s  <<< ERROR!
java.lang.Error: 
Unresolved compilation problems: 
	The import jakarta cannot be resolved
	NotNull cannot be resolved to a type

	at br.com.contmatic.prova01.model.endereco.EstadoTest.set_up(EstadoTest.java:21)

deve_aceitar_sigla_valida  Time elapsed: 0.001 s  <<< ERROR!
java.lang.Error: 
Unresolved compilation problems: 
	The import jakarta cannot be resolved
	NotNull cannot be resolved to a type

	at br.com.contmatic.prova01.model.endereco.EstadoTest.set_up(EstadoTest.java:21)

