-------------------------------------------------------------------------------
Test set: br.com.contmatic.prova01.model.telefone.TelefoneTest
-------------------------------------------------------------------------------
Tests run: 25, Failures: 0, Errors: 25, Skipped: 0, Time elapsed: 0.021 s <<< FAILURE! - in br.com.contmatic.prova01.model.telefone.TelefoneTest
nao_deve_aceitar_numero_vazio  Time elapsed: 0 s  <<< ERROR!
java.lang.Error: 
Unresolved compilation problems: 
	The import jakarta cannot be resolved
	NotNull cannot be resolved to a type

	at br.com.contmatic.prova01.model.telefone.TelefoneTest.set_up(TelefoneTest.java:19)

nao_deve_aceitar_ddd_diferente_dois_digitos  Time elapsed: 0.001 s  <<< ERROR!
java.lang.Error: 
Unresolved compilation problems: 
	The import jakarta cannot be resolved
	NotNull cannot be resolved to a type

	at br.com.contmatic.prova01.model.telefone.TelefoneTest.set_up(TelefoneTest.java:19)

deve_retornar_falso_equals_classes_diferentes  Time elapsed: 0.001 s  <<< ERROR!
java.lang.Error: 
Unresolved compilation problems: 
	The import jakarta cannot be resolved
	NotNull cannot be resolved to a type

	at br.com.contmatic.prova01.model.telefone.TelefoneTest.set_up(TelefoneTest.java:19)

deve_retornar_falso_equals_instancias_diferentes  Time elapsed: 0.001 s  <<< ERROR!
java.lang.Error: 
Unresolved compilation problems: 
	The import jakarta cannot be resolved
	NotNull cannot be resolved to a type

	at br.com.contmatic.prova01.model.telefone.TelefoneTest.set_up(TelefoneTest.java:19)

nao_deve_aceitar_ddi_com_letras  Time elapsed: 0 s  <<< ERROR!
java.lang.Error: 
Unresolved compilation problems: 
	The import jakarta cannot be resolved
	NotNull cannot be resolved to a type

	at br.com.contmatic.prova01.model.telefone.TelefoneTest.set_up(TelefoneTest.java:19)

nao_deve_aceitar_ddd_vazio  Time elapsed: 0 s  <<< ERROR!
java.lang.Error: 
Unresolved compilation problems: 
	The import jakarta cannot be resolved
	NotNull cannot be resolved to a type

	at br.com.contmatic.prova01.model.telefone.TelefoneTest.set_up(TelefoneTest.java:19)

nao_deve_aceitar_ddi_vazio  Time elapsed: 0.001 s  <<< ERROR!
java.lang.Error: 
Unresolved compilation problems: 
	The import jakarta cannot be resolved
	NotNull cannot be resolved to a type

	at br.com.contmatic.prova01.model.telefone.TelefoneTest.set_up(TelefoneTest.java:19)

nao_deve_aceitar_ddd_nulo  Time elapsed: 0 s  <<< ERROR!
java.lang.Error: 
Unresolved compilation problems: 
	The import jakarta cannot be resolved
	NotNull cannot be resolved to a type

	at br.com.contmatic.prova01.model.telefone.TelefoneTest.set_up(TelefoneTest.java:19)

nao_deve_aceitar_numero_excedendo_tamanho_maximo  Time elapsed: 0.001 s  <<< ERROR!
java.lang.Error: 
Unresolved compilation problems: 
	The import jakarta cannot be resolved
	NotNull cannot be resolved to a type

	at br.com.contmatic.prova01.model.telefone.TelefoneTest.set_up(TelefoneTest.java:19)

nao_deve_aceitar_ddi_nulo  Time elapsed: 0.001 s  <<< ERROR!
java.lang.Error: 
Unresolved compilation problems: 
	The import jakarta cannot be resolved
	NotNull cannot be resolved to a type

	at br.com.contmatic.prova01.model.telefone.TelefoneTest.set_up(TelefoneTest.java:19)

deve_aceitar_ddd_valido  Time elapsed: 0 s  <<< ERROR!
java.lang.Error: 
Unresolved compilation problems: 
	The import jakarta cannot be resolved
	NotNull cannot be resolved to a type

	at br.com.contmatic.prova01.model.telefone.TelefoneTest.set_up(TelefoneTest.java:19)

deve_aceitar_ddi_valido  Time elapsed: 0.001 s  <<< ERROR!
java.lang.Error: 
Unresolved compilation problems: 
	The import jakarta cannot be resolved
	NotNull cannot be resolved to a type

	at br.com.contmatic.prova01.model.telefone.TelefoneTest.set_up(TelefoneTest.java:19)

nao_deve_aceitar_numero_com_letras  Time elapsed: 0 s  <<< ERROR!
java.lang.Error: 
Unresolved compilation problems: 
	The import jakarta cannot be resolved
	NotNull cannot be resolved to a type

	at br.com.contmatic.prova01.model.telefone.TelefoneTest.set_up(TelefoneTest.java:19)

nao_deve_aceitar_ddd_letras  Time elapsed: 0.001 s  <<< ERROR!
java.lang.Error: 
Unresolved compilation problems: 
	The import jakarta cannot be resolved
	NotNull cannot be resolved to a type

	at br.com.contmatic.prova01.model.telefone.TelefoneTest.set_up(TelefoneTest.java:19)

nao_deve_aceitar_numero_menor_tamanho_minimo  Time elapsed: 0.001 s  <<< ERROR!
java.lang.Error: 
Unresolved compilation problems: 
	The import jakarta cannot be resolved
	NotNull cannot be resolved to a type

	at br.com.contmatic.prova01.model.telefone.TelefoneTest.set_up(TelefoneTest.java:19)

deve_retornar_mesmo_hash_code  Time elapsed: 0.001 s  <<< ERROR!
java.lang.Error: 
Unresolved compilation problems: 
	The import jakarta cannot be resolved
	NotNull cannot be resolved to a type

	at br.com.contmatic.prova01.model.telefone.TelefoneTest.set_up(TelefoneTest.java:19)

deve_retornar_ddi_to_string  Time elapsed: 0.001 s  <<< ERROR!
java.lang.Error: 
Unresolved compilation problems: 
	The import jakarta cannot be resolved
	NotNull cannot be resolved to a type

	at br.com.contmatic.prova01.model.telefone.TelefoneTest.set_up(TelefoneTest.java:19)

deve_retornar_falso_equals_objeto_nulo  Time elapsed: 0 s  <<< ERROR!
java.lang.Error: 
Unresolved compilation problems: 
	The import jakarta cannot be resolved
	NotNull cannot be resolved to a type

	at br.com.contmatic.prova01.model.telefone.TelefoneTest.set_up(TelefoneTest.java:19)

deve_retornar_ddd_to_string  Time elapsed: 0.002 s  <<< ERROR!
java.lang.Error: 
Unresolved compilation problems: 
	The import jakarta cannot be resolved
	NotNull cannot be resolved to a type

	at br.com.contmatic.prova01.model.telefone.TelefoneTest.set_up(TelefoneTest.java:19)

deve_retornar_telefone_to_string  Time elapsed: 0.001 s  <<< ERROR!
java.lang.Error: 
Unresolved compilation problems: 
	The import jakarta cannot be resolved
	NotNull cannot be resolved to a type

	at br.com.contmatic.prova01.model.telefone.TelefoneTest.set_up(TelefoneTest.java:19)

nao_deve_aceitar_ddi_excedendo_limite_caracteress  Time elapsed: 0 s  <<< ERROR!
java.lang.Error: 
Unresolved compilation problems: 
	The import jakarta cannot be resolved
	NotNull cannot be resolved to a type

	at br.com.contmatic.prova01.model.telefone.TelefoneTest.set_up(TelefoneTest.java:19)

deve_retornar_verdadeiro_equals_mesma_instancia  Time elapsed: 0 s  <<< ERROR!
java.lang.Error: 
Unresolved compilation problems: 
	The import jakarta cannot be resolved
	NotNull cannot be resolved to a type

	at br.com.contmatic.prova01.model.telefone.TelefoneTest.set_up(TelefoneTest.java:19)

deve_retornar_verdadeiro_equals_mesmo_objeto  Time elapsed: 0.001 s  <<< ERROR!
java.lang.Error: 
Unresolved compilation problems: 
	The import jakarta cannot be resolved
	NotNull cannot be resolved to a type

	at br.com.contmatic.prova01.model.telefone.TelefoneTest.set_up(TelefoneTest.java:19)

nao_deve_aceitar_numero_nulo  Time elapsed: 0 s  <<< ERROR!
java.lang.Error: 
Unresolved compilation problems: 
	The import jakarta cannot be resolved
	NotNull cannot be resolved to a type

	at br.com.contmatic.prova01.model.telefone.TelefoneTest.set_up(TelefoneTest.java:19)

deve_aceitar_numero_valido  Time elapsed: 0.001 s  <<< ERROR!
java.lang.Error: 
Unresolved compilation problems: 
	The import jakarta cannot be resolved
	NotNull cannot be resolved to a type

	at br.com.contmatic.prova01.model.telefone.TelefoneTest.set_up(TelefoneTest.java:19)

