<?xml version="1.0" encoding="UTF-8"?>
<testsuite xmlns:xsi="http://www.w3.org/2001/XMLSchema-instance" xsi:noNamespaceSchemaLocation="https://maven.apache.org/surefire/maven-surefire-plugin/xsd/surefire-test-report.xsd" name="br.com.contmatic.prova01.model.telefone.TelefoneTest" time="0.021" tests="25" errors="25" skipped="0" failures="0">
  <properties>
[...]
</properties>
  <testcase name="nao_deve_aceitar_numero_vazio" classname="br.com.contmatic.prova01.model.telefone.TelefoneTest" time="0">
    <error message="Unresolved compilation problems: &#10;	The import jakarta cannot be resolved&#10;	NotNull cannot be resolved to a type&#10;" type="java.lang.Error">java.lang.Error: 
Unresolved compilation problems: 
	The import jakarta cannot be resolved
	NotNull cannot be resolved to a type

	at br.com.contmatic.prova01.model.telefone.TelefoneTest.set_up(TelefoneTest.java:19)
</error>
  </testcase>
  <testcase name="nao_deve_aceitar_ddd_diferente_dois_digitos" classname="br.com.contmatic.prova01.model.telefone.TelefoneTest" time="0.001">
    <error message="Unresolved compilation problems: &#10;	The import jakarta cannot be resolved&#10;	NotNull cannot be resolved to a type&#10;" type="java.lang.Error">java.lang.Error: 
Unresolved compilation problems: 
	The import jakarta cannot be resolved
	NotNull cannot be resolved to a type

	at br.com.contmatic.prova01.model.telefone.TelefoneTest.set_up(TelefoneTest.java:19)
</error>
  </testcase>
  <testcase name="deve_retornar_falso_equals_classes_diferentes" classname="br.com.contmatic.prova01.model.telefone.TelefoneTest" time="0.001">
    <error message="Unresolved compilation problems: &#10;	The import jakarta cannot be resolved&#10;	NotNull cannot be resolved to a type&#10;" type="java.lang.Error">java.lang.Error: 
Unresolved compilation problems: 
	The import jakarta cannot be resolved
	NotNull cannot be resolved to a type

	at br.com.contmatic.prova01.model.telefone.TelefoneTest.set_up(TelefoneTest.java:19)
</error>
  </testcase>
  <testcase name="deve_retornar_falso_equals_instancias_diferentes" classname="br.com.contmatic.prova01.model.telefone.TelefoneTest" time="0.001">
    <error message="Unresolved compilation problems: &#10;	The import jakarta cannot be resolved&#10;	NotNull cannot be resolved to a type&#10;" type="java.lang.Error">java.lang.Error: 
Unresolved compilation problems: 
	The import jakarta cannot be resolved
	NotNull cannot be resolved to a type

	at br.com.contmatic.prova01.model.telefone.TelefoneTest.set_up(TelefoneTest.java:19)
</error>
  </testcase>
  <testcase name="nao_deve_aceitar_ddi_com_letras" classname="br.com.contmatic.prova01.model.telefone.TelefoneTest" time="0">
    <error message="Unresolved compilation problems: &#10;	The import jakarta cannot be resolved&#10;	NotNull cannot be resolved to a type&#10;" type="java.lang.Error">java.lang.Error: 
Unresolved compilation problems: 
	The import jakarta cannot be resolved
	NotNull cannot be resolved to a type

	at br.com.contmatic.prova01.model.telefone.TelefoneTest.set_up(TelefoneTest.java:19)
</error>
  </testcase>
  <testcase name="nao_deve_aceitar_ddd_vazio" classname="br.com.contmatic.prova01.model.telefone.TelefoneTest" time="0">
    <error message="Unresolved compilation problems: &#10;	The import jakarta cannot be resolved&#10;	NotNull cannot be resolved to a type&#10;" type="java.lang.Error">java.lang.Error: 
Unresolved compilation problems: 
	The import jakarta cannot be resolved
	NotNull cannot be resolved to a type

	at br.com.contmatic.prova01.model.telefone.TelefoneTest.set_up(TelefoneTest.java:19)
</error>
  </testcase>
  <testcase name="nao_deve_aceitar_ddi_vazio" classname="br.com.contmatic.prova01.model.telefone.TelefoneTest" time="0.001">
    <error message="Unresolved compilation problems: &#10;	The import jakarta cannot be resolved&#10;	NotNull cannot be resolved to a type&#10;" type="java.lang.Error">java.lang.Error: 
Unresolved compilation problems: 
	The import jakarta cannot be resolved
	NotNull cannot be resolved to a type

	at br.com.contmatic.prova01.model.telefone.TelefoneTest.set_up(TelefoneTest.java:19)
</error>
  </testcase>
  <testcase name="nao_deve_aceitar_ddd_nulo" classname="br.com.contmatic.prova01.model.telefone.TelefoneTest" time="0">
    <error message="Unresolved compilation problems: &#10;	The import jakarta cannot be resolved&#10;	NotNull cannot be resolved to a type&#10;" type="java.lang.Error">java.lang.Error: 
Unresolved compilation problems: 
	The import jakarta cannot be resolved
	NotNull cannot be resolved to a type

	at br.com.contmatic.prova01.model.telefone.TelefoneTest.set_up(TelefoneTest.java:19)
</error>
  </testcase>
  <testcase name="nao_deve_aceitar_numero_excedendo_tamanho_maximo" classname="br.com.contmatic.prova01.model.telefone.TelefoneTest" time="0.001">
    <error message="Unresolved compilation problems: &#10;	The import jakarta cannot be resolved&#10;	NotNull cannot be resolved to a type&#10;" type="java.lang.Error">java.lang.Error: 
Unresolved compilation problems: 
	The import jakarta cannot be resolved
	NotNull cannot be resolved to a type

	at br.com.contmatic.prova01.model.telefone.TelefoneTest.set_up(TelefoneTest.java:19)
</error>
  </testcase>
  <testcase name="nao_deve_aceitar_ddi_nulo" classname="br.com.contmatic.prova01.model.telefone.TelefoneTest" time="0.001">
    <error message="Unresolved compilation problems: &#10;	The import jakarta cannot be resolved&#10;	NotNull cannot be resolved to a type&#10;" type="java.lang.Error">java.lang.Error: 
Unresolved compilation problems: 
	The import jakarta cannot be resolved
	NotNull cannot be resolved to a type

	at br.com.contmatic.prova01.model.telefone.TelefoneTest.set_up(TelefoneTest.java:19)
</error>
  </testcase>
  <testcase name="deve_aceitar_ddd_valido" classname="br.com.contmatic.prova01.model.telefone.TelefoneTest" time="0">
    <error message="Unresolved compilation problems: &#10;	The import jakarta cannot be resolved&#10;	NotNull cannot be resolved to a type&#10;" type="java.lang.Error">java.lang.Error: 
Unresolved compilation problems: 
	The import jakarta cannot be resolved
	NotNull cannot be resolved to a type

	at br.com.contmatic.prova01.model.telefone.TelefoneTest.set_up(TelefoneTest.java:19)
</error>
  </testcase>
  <testcase name="deve_aceitar_ddi_valido" classname="br.com.contmatic.prova01.model.telefone.TelefoneTest" time="0.001">
    <error message="Unresolved compilation problems: &#10;	The import jakarta cannot be resolved&#10;	NotNull cannot be resolved to a type&#10;" type="java.lang.Error">java.lang.Error: 
Unresolved compilation problems: 
	The import jakarta cannot be resolved
	NotNull cannot be resolved to a type

	at br.com.contmatic.prova01.model.telefone.TelefoneTest.set_up(TelefoneTest.java:19)
</error>
  </testcase>
  <testcase name="nao_deve_aceitar_numero_com_letras" classname="br.com.contmatic.prova01.model.telefone.TelefoneTest" time="0">
    <error message="Unresolved compilation problems: &#10;	The import jakarta cannot be resolved&#10;	NotNull cannot be resolved to a type&#10;" type="java.lang.Error">java.lang.Error: 
Unresolved compilation problems: 
	The import jakarta cannot be resolved
	NotNull cannot be resolved to a type

	at br.com.contmatic.prova01.model.telefone.TelefoneTest.set_up(TelefoneTest.java:19)
</error>
  </testcase>
  <testcase name="nao_deve_aceitar_ddd_letras" classname="br.com.contmatic.prova01.model.telefone.TelefoneTest" time="0.001">
    <error message="Unresolved compilation problems: &#10;	The import jakarta cannot be resolved&#10;	NotNull cannot be resolved to a type&#10;" type="java.lang.Error">java.lang.Error: 
Unresolved compilation problems: 
	The import jakarta cannot be resolved
	NotNull cannot be resolved to a type

	at br.com.contmatic.prova01.model.telefone.TelefoneTest.set_up(TelefoneTest.java:19)
</error>
  </testcase>
  <testcase name="nao_deve_aceitar_numero_menor_tamanho_minimo" classname="br.com.contmatic.prova01.model.telefone.TelefoneTest" time="0.001">
    <error message="Unresolved compilation problems: &#10;	The import jakarta cannot be resolved&#10;	NotNull cannot be resolved to a type&#10;" type="java.lang.Error">java.lang.Error: 
Unresolved compilation problems: 
	The import jakarta cannot be resolved
	NotNull cannot be resolved to a type

	at br.com.contmatic.prova01.model.telefone.TelefoneTest.set_up(TelefoneTest.java:19)
</error>
  </testcase>
  <testcase name="deve_retornar_mesmo_hash_code" classname="br.com.contmatic.prova01.model.telefone.TelefoneTest" time="0.001">
    <error message="Unresolved compilation problems: &#10;	The import jakarta cannot be resolved&#10;	NotNull cannot be resolved to a type&#10;" type="java.lang.Error">java.lang.Error: 
Unresolved compilation problems: 
	The import jakarta cannot be resolved
	NotNull cannot be resolved to a type

	at br.com.contmatic.prova01.model.telefone.TelefoneTest.set_up(TelefoneTest.java:19)
</error>
  </testcase>
  <testcase name="deve_retornar_ddi_to_string" classname="br.com.contmatic.prova01.model.telefone.TelefoneTest" time="0.001">
    <error message="Unresolved compilation problems: &#10;	The import jakarta cannot be resolved&#10;	NotNull cannot be resolved to a type&#10;" type="java.lang.Error">java.lang.Error: 
Unresolved compilation problems: 
	The import jakarta cannot be resolved
	NotNull cannot be resolved to a type

	at br.com.contmatic.prova01.model.telefone.TelefoneTest.set_up(TelefoneTest.java:19)
</error>
  </testcase>
  <testcase name="deve_retornar_falso_equals_objeto_nulo" classname="br.com.contmatic.prova01.model.telefone.TelefoneTest" time="0">
    <error message="Unresolved compilation problems: &#10;	The import jakarta cannot be resolved&#10;	NotNull cannot be resolved to a type&#10;" type="java.lang.Error">java.lang.Error: 
Unresolved compilation problems: 
	The import jakarta cannot be resolved
	NotNull cannot be resolved to a type

	at br.com.contmatic.prova01.model.telefone.TelefoneTest.set_up(TelefoneTest.java:19)
</error>
  </testcase>
  <testcase name="deve_retornar_ddd_to_string" classname="br.com.contmatic.prova01.model.telefone.TelefoneTest" time="0.002">
    <error message="Unresolved compilation problems: &#10;	The import jakarta cannot be resolved&#10;	NotNull cannot be resolved to a type&#10;" type="java.lang.Error">java.lang.Error: 
Unresolved compilation problems: 
	The import jakarta cannot be resolved
	NotNull cannot be resolved to a type

	at br.com.contmatic.prova01.model.telefone.TelefoneTest.set_up(TelefoneTest.java:19)
</error>
  </testcase>
  <testcase name="deve_retornar_telefone_to_string" classname="br.com.contmatic.prova01.model.telefone.TelefoneTest" time="0.001">
    <error message="Unresolved compilation problems: &#10;	The import jakarta cannot be resolved&#10;	NotNull cannot be resolved to a type&#10;" type="java.lang.Error">java.lang.Error: 
Unresolved compilation problems: 
	The import jakarta cannot be resolved
	NotNull cannot be resolved to a type

	at br.com.contmatic.prova01.model.telefone.TelefoneTest.set_up(TelefoneTest.java:19)
</error>
  </testcase>
  <testcase name="nao_deve_aceitar_ddi_excedendo_limite_caracteress" classname="br.com.contmatic.prova01.model.telefone.TelefoneTest" time="0">
    <error message="Unresolved compilation problems: &#10;	The import jakarta cannot be resolved&#10;	NotNull cannot be resolved to a type&#10;" type="java.lang.Error">java.lang.Error: 
Unresolved compilation problems: 
	The import jakarta cannot be resolved
	NotNull cannot be resolved to a type

	at br.com.contmatic.prova01.model.telefone.TelefoneTest.set_up(TelefoneTest.java:19)
</error>
  </testcase>
  <testcase name="deve_retornar_verdadeiro_equals_mesma_instancia" classname="br.com.contmatic.prova01.model.telefone.TelefoneTest" time="0">
    <error message="Unresolved compilation problems: &#10;	The import jakarta cannot be resolved&#10;	NotNull cannot be resolved to a type&#10;" type="java.lang.Error">java.lang.Error: 
Unresolved compilation problems: 
	The import jakarta cannot be resolved
	NotNull cannot be resolved to a type

	at br.com.contmatic.prova01.model.telefone.TelefoneTest.set_up(TelefoneTest.java:19)
</error>
  </testcase>
  <testcase name="deve_retornar_verdadeiro_equals_mesmo_objeto" classname="br.com.contmatic.prova01.model.telefone.TelefoneTest" time="0.001">
    <error message="Unresolved compilation problems: &#10;	The import jakarta cannot be resolved&#10;	NotNull cannot be resolved to a type&#10;" type="java.lang.Error">java.lang.Error: 
Unresolved compilation problems: 
	The import jakarta cannot be resolved
	NotNull cannot be resolved to a type

	at br.com.contmatic.prova01.model.telefone.TelefoneTest.set_up(TelefoneTest.java:19)
</error>
  </testcase>
  <testcase name="nao_deve_aceitar_numero_nulo" classname="br.com.contmatic.prova01.model.telefone.TelefoneTest" time="0">
    <error message="Unresolved compilation problems: &#10;	The import jakarta cannot be resolved&#10;	NotNull cannot be resolved to a type&#10;" type="java.lang.Error">java.lang.Error: 
Unresolved compilation problems: 
	The import jakarta cannot be resolved
	NotNull cannot be resolved to a type

	at br.com.contmatic.prova01.model.telefone.TelefoneTest.set_up(TelefoneTest.java:19)
</error>
  </testcase>
  <testcase name="deve_aceitar_numero_valido" classname="br.com.contmatic.prova01.model.telefone.TelefoneTest" time="0.001">
    <error message="Unresolved compilation problems: &#10;	The import jakarta cannot be resolved&#10;	NotNull cannot be resolved to a type&#10;" type="java.lang.Error">java.lang.Error: 
Unresolved compilation problems: 
	The import jakarta cannot be resolved
	NotNull cannot be resolved to a type

	at br.com.contmatic.prova01.model.telefone.TelefoneTest.set_up(TelefoneTest.java:19)
</error>
  </testcase>
</testsuite>